Start testing: Apr 19 19:20 CDT
----------------------------------------------------------
1/4 Testing: correctExecution
1/4 Test: correctExecution
Command: "/home/vagrant/Desktop/spring2017-assignment6-Redavion/tests/test-correct-execution.sh"
Directory: /home/vagrant/Desktop/spring2017-assignment6-Redavion/tests
"correctExecution" start time: Apr 19 19:20 CDT
Output:
----------------------------------------------------------
===============================================
Welcome to the CS3281 Shell Assignment 
===============================================

vbash>>
vbash>>
vbash>>
vbash>>
===============================================
Closing CS3281 Shell Assignment 
===============================================
cat: test.log: No such file or directory
<end of output>
Test time =   0.01 sec
----------------------------------------------------------
Test Failed.
"correctExecution" end time: Apr 19 19:20 CDT
"correctExecution" time elapsed: 00:00:00
----------------------------------------------------------

2/4 Testing: parallelExecution
2/4 Test: parallelExecution
Command: "/home/vagrant/Desktop/spring2017-assignment6-Redavion/tests/test-parallel-execution.sh"
Directory: /home/vagrant/Desktop/spring2017-assignment6-Redavion/tests
"parallelExecution" start time: Apr 19 19:20 CDT
Output:
----------------------------------------------------------
===============================================
Welcome to the CS3281 Shell Assignment 
===============================================

vbash>>
INFO:1492647613:308:259:python: Child Exited Successfully

INFO:1492647613:308:259:tee: Child Exited Successfully

INFO:1492647613:308:63:signal handler - child pid 312 had signal code CLD_EXITED (child has exited) and exit signal 0

vbash>>
===============================================
Closing CS3281 Shell Assignment 
===============================================
cat: test1.log: No such file or directory
All children exited successfully!
<end of output>
Test time =   0.16 sec
----------------------------------------------------------
Test Passed.
"parallelExecution" end time: Apr 19 19:20 CDT
"parallelExecution" time elapsed: 00:00:00
----------------------------------------------------------

3/4 Testing: incorrectProgram
3/4 Test: incorrectProgram
Command: "/home/vagrant/Desktop/spring2017-assignment6-Redavion/tests/test-nonexistent-program.sh"
Directory: /home/vagrant/Desktop/spring2017-assignment6-Redavion/tests
"incorrectProgram" start time: Apr 19 19:20 CDT
Output:
----------------------------------------------------------
===============================================
Welcome to the CS3281 Shell Assignment 
===============================================

vbash>>
vbash>>
===============================================
Closing CS3281 Shell Assignment 
===============================================
/home/vagrant/Desktop/spring2017-assignment6-Redavion/tests/test-nonexistent-program.sh: 20: [: Illegal number: 
Test2 - checking error in exec passed
<end of output>
Test time =   0.01 sec
----------------------------------------------------------
Test Passed.
"incorrectProgram" end time: Apr 19 19:20 CDT
"incorrectProgram" time elapsed: 00:00:00
----------------------------------------------------------

4/4 Testing: background
4/4 Test: background
Command: "/home/vagrant/Desktop/spring2017-assignment6-Redavion/tests/test-background-execution.sh"
Directory: /home/vagrant/Desktop/spring2017-assignment6-Redavion/tests
"background" start time: Apr 19 19:20 CDT
Output:
----------------------------------------------------------
===============================================
Welcome to the CS3281 Shell Assignment 
===============================================

vbash>>
vbash>>
vbash>>
===============================================
Closing CS3281 Shell Assignment 
===============================================
<end of output>
Test time =   0.01 sec
----------------------------------------------------------
Test Failed.
"background" end time: Apr 19 19:20 CDT
"background" time elapsed: 00:00:00
----------------------------------------------------------

End testing: Apr 19 19:20 CDT
